<?xml version="1.0" encoding="UTF-8"?>
<!-- Generated by org.testng.reporters.JUnitReportReporter -->
<testsuite hostname="NaazPC" failures="0" tests="2" name="tests.ApiTest" time="1.415" errors="0" timestamp="2025-01-23T13:01:06 IST" skipped="0">
  <testcase classname="tests.ApiTest" name="currentPriceTest" time="1.219"/>
  <system-out/>
  <testcase classname="tests.ApiTest" name="currentPriceTestJsonPath" time="0.196"/>
  <system-out/>
</testsuite> <!-- tests.ApiTest -->
